{"name": "Select the last product and add the product to the cart", "status": "broken", "statusDetails": {"message": "selenium.common.exceptions.TimeoutException: Message: \nStacktrace:\n\tGetHandleVerifier [0x00007FF6B2DD1502+60802]\n\t(No symbol) [0x00007FF6B2D4AC02]\n\t(No symbol) [0x00007FF6B2C07CE4]\n\t(No symbol) [0x00007FF6B2C56D4D]\n\t(No symbol) [0x00007FF6B2C56E1C]\n\t(No symbol) [0x00007FF6B2C9CE37]\n\t(No symbol) [0x00007FF6B2C7ABBF]\n\t(No symbol) [0x00007FF6B2C9A224]\n\t(No symbol) [0x00007FF6B2C7A923]\n\t(No symbol) [0x00007FF6B2C48FEC]\n\t(No symbol) [0x00007FF6B2C49C21]\n\tGetHandleVerifier [0x00007FF6B30D411D+3217821]\n\tGetHandleVerifier [0x00007FF6B31160B7+3488055]\n\tGetHandleVerifier [0x00007FF6B310F03F+3459263]\n\tGetHandleVerifier [0x00007FF6B2E8B846+823494]\n\t(No symbol) [0x00007FF6B2D55F9F]\n\t(No symbol) [0x00007FF6B2D50EC4]\n\t(No symbol) [0x00007FF6B2D51052]\n\t(No symbol) [0x00007FF6B2D418A4]\n\tBaseThreadInitThunk [0x00007FFB19F17344+20]\n\tRtlUserThreadStart [0x00007FFB1B1E26B1+33]\n\n", "trace": "  File \"C:\\Users\\DELL\\AppData\\Local\\Programs\\Python\\Python312\\Lib\\site-packages\\behave\\model.py\", line 1329, in run\n    match.run(runner.context)\n  File \"C:\\Users\\DELL\\AppData\\Local\\Programs\\Python\\Python312\\Lib\\site-packages\\behave\\matchers.py\", line 98, in run\n    self.func(context, *args, **kwargs)\n  File \"steps\\Add_product_to_shopping_cart.py\", line 32, in step_impl\n    context.homepage.Click_on_last_product_of_the_last_page()\n  File \"C:\\Users\\DELL\\demoBlazePrac\\PageObjects\\HomePage.py\", line 49, in Click_on_last_product_of_the_last_page\n    last_product_link = WebDriverWait(self.driver, 10).until(\n                        ^^^^^^^^^^^^^^^^^^^^^^^^^^^^^^^^^^^^^\n  File \"C:\\Users\\DELL\\AppData\\Local\\Programs\\Python\\Python312\\Lib\\site-packages\\selenium\\webdriver\\support\\wait.py\", line 105, in until\n    raise TimeoutException(message, screen, stacktrace)\n"}, "steps": [{"name": "Given User on the product listing page", "status": "passed", "start": 1714293795664, "stop": 1714293795754}, {"name": "When user clicks on next button until reaches the last page", "status": "passed", "start": 1714293795754, "stop": 1714293796218}, {"name": "And clicks on the last product", "status": "broken", "statusDetails": {"message": "selenium.common.exceptions.TimeoutException: Message: \nStacktrace:\n\tGetHandleVerifier [0x00007FF6B2DD1502+60802]\n\t(No symbol) [0x00007FF6B2D4AC02]\n\t(No symbol) [0x00007FF6B2C07CE4]\n\t(No symbol) [0x00007FF6B2C56D4D]\n\t(No symbol) [0x00007FF6B2C56E1C]\n\t(No symbol) [0x00007FF6B2C9CE37]\n\t(No symbol) [0x00007FF6B2C7ABBF]\n\t(No symbol) [0x00007FF6B2C9A224]\n\t(No symbol) [0x00007FF6B2C7A923]\n\t(No symbol) [0x00007FF6B2C48FEC]\n\t(No symbol) [0x00007FF6B2C49C21]\n\tGetHandleVerifier [0x00007FF6B30D411D+3217821]\n\tGetHandleVerifier [0x00007FF6B31160B7+3488055]\n\tGetHandleVerifier [0x00007FF6B310F03F+3459263]\n\tGetHandleVerifier [0x00007FF6B2E8B846+823494]\n\t(No symbol) [0x00007FF6B2D55F9F]\n\t(No symbol) [0x00007FF6B2D50EC4]\n\t(No symbol) [0x00007FF6B2D51052]\n\t(No symbol) [0x00007FF6B2D418A4]\n\tBaseThreadInitThunk [0x00007FFB19F17344+20]\n\tRtlUserThreadStart [0x00007FFB1B1E26B1+33]\n\n", "trace": "  File \"C:\\Users\\DELL\\AppData\\Local\\Programs\\Python\\Python312\\Lib\\site-packages\\behave\\model.py\", line 1329, in run\n    match.run(runner.context)\n  File \"C:\\Users\\DELL\\AppData\\Local\\Programs\\Python\\Python312\\Lib\\site-packages\\behave\\matchers.py\", line 98, in run\n    self.func(context, *args, **kwargs)\n  File \"steps\\Add_product_to_shopping_cart.py\", line 32, in step_impl\n    context.homepage.Click_on_last_product_of_the_last_page()\n  File \"C:\\Users\\DELL\\demoBlazePrac\\PageObjects\\HomePage.py\", line 49, in Click_on_last_product_of_the_last_page\n    last_product_link = WebDriverWait(self.driver, 10).until(\n                        ^^^^^^^^^^^^^^^^^^^^^^^^^^^^^^^^^^^^^\n  File \"C:\\Users\\DELL\\AppData\\Local\\Programs\\Python\\Python312\\Lib\\site-packages\\selenium\\webdriver\\support\\wait.py\", line 105, in until\n    raise TimeoutException(message, screen, stacktrace)\n"}, "start": 1714293796218, "stop": 1714293807011}, {"name": "And user clicks on Add to Cart button", "status": "skipped", "start": 1714293811335, "stop": 1714293811335}, {"name": "Then user should display product added message", "status": "skipped", "start": 1714293811335, "stop": 1714293811335}], "start": 1714293790423, "stop": 1714293811335, "uuid": "d860f08b-b556-4da3-8c28-a59853e55e08", "historyId": "a3c766ce3d47b470b8e6455b4aef62f7", "fullName": "Adding products to the shopping cart: Select the last product and add the product to the cart", "labels": [{"name": "severity", "value": "normal"}, {"name": "feature", "value": "Adding products to the shopping cart"}, {"name": "framework", "value": "behave"}, {"name": "language", "value": "cpython3"}]}