{"uid":"492c88a0e9bfac1a","name":"Logout Process","fullName":"User LogOut: Logout Process","historyId":"b6f6ca831a568e155b0e51f9f801b266","time":{"start":1714297579378,"stop":1714297595811,"duration":16433},"status":"broken","statusMessage":"selenium.common.exceptions.StaleElementReferenceException: Message: stale element reference: stale element not found\n  (Session info: chrome=124.0.6367.91); For documentation on this error, please visit: https://www.selenium.dev/documentation/webdriver/troubleshooting/errors#stale-element-reference-exception\nStacktrace:\n\tGetHandleVerifier [0x00007FF6C9A11502+60802]\n\t(No symbol) [0x00007FF6C998AC02]\n\t(No symbol) [0x00007FF6C9847CE4]\n\t(No symbol) [0x00007FF6C985A051]\n\t(No symbol) [0x00007FF6C985AA7A]\n\t(No symbol) [0x00007FF6C984E95B]\n\t(No symbol) [0x00007FF6C985AAB8]\n\t(No symbol) [0x00007FF6C984E95B]\n\t(No symbol) [0x00007FF6C984C781]\n\t(No symbol) [0x00007FF6C98504F6]\n\t(No symbol) [0x00007FF6C98DAEC3]\n\t(No symbol) [0x00007FF6C98BAB7A]\n\t(No symbol) [0x00007FF6C98DA224]\n\t(No symbol) [0x00007FF6C98BA923]\n\t(No symbol) [0x00007FF6C9888FEC]\n\t(No symbol) [0x00007FF6C9889C21]\n\tGetHandleVerifier [0x00007FF6C9D1411D+3217821]\n\tGetHandleVerifier [0x00007FF6C9D560B7+3488055]\n\tGetHandleVerifier [0x00007FF6C9D4F03F+3459263]\n\tGetHandleVerifier [0x00007FF6C9ACB846+823494]\n\t(No symbol) [0x00007FF6C9995F9F]\n\t(No symbol) [0x00007FF6C9990EC4]\n\t(No symbol) [0x00007FF6C9991052]\n\t(No symbol) [0x00007FF6C99818A4]\n\tBaseThreadInitThunk [0x00007FFB19F17344+20]\n\tRtlUserThreadStart [0x00007FFB1B1E26B1+33]\n\n","statusTrace":"  File \"C:\\Users\\DELL\\AppData\\Local\\Programs\\Python\\Python312\\Lib\\site-packages\\behave\\model.py\", line 1329, in run\n    match.run(runner.context)\n  File \"C:\\Users\\DELL\\AppData\\Local\\Programs\\Python\\Python312\\Lib\\site-packages\\behave\\matchers.py\", line 98, in run\n    self.func(context, *args, **kwargs)\n  File \"steps\\LogOut.py\", line 27, in step_impl\n    context.homepage.ClickOnLogOut()\n  File \"C:\\Users\\DELL\\demoBlazePrac\\PageObjects\\HomePage.py\", line 57, in ClickOnLogOut\n    logout_button = WebDriverWait(self.driver, 10).until(\n                    ^^^^^^^^^^^^^^^^^^^^^^^^^^^^^^^^^^^^^\n  File \"C:\\Users\\DELL\\AppData\\Local\\Programs\\Python\\Python312\\Lib\\site-packages\\selenium\\webdriver\\support\\wait.py\", line 96, in until\n    value = method(self._driver)\n            ^^^^^^^^^^^^^^^^^^^^\n  File \"C:\\Users\\DELL\\AppData\\Local\\Programs\\Python\\Python312\\Lib\\site-packages\\selenium\\webdriver\\support\\expected_conditions.py\", line 364, in _predicate\n    element = visibility_of(target)(driver)\n              ^^^^^^^^^^^^^^^^^^^^^^^^^^^^^\n  File \"C:\\Users\\DELL\\AppData\\Local\\Programs\\Python\\Python312\\Lib\\site-packages\\selenium\\webdriver\\support\\expected_conditions.py\", line 173, in _predicate\n    return _element_if_visible(element)\n           ^^^^^^^^^^^^^^^^^^^^^^^^^^^^\n  File \"C:\\Users\\DELL\\AppData\\Local\\Programs\\Python\\Python312\\Lib\\site-packages\\selenium\\webdriver\\support\\expected_conditions.py\", line 179, in _element_if_visible\n    return element if element.is_displayed() == visibility else False\n                      ^^^^^^^^^^^^^^^^^^^^^^\n  File \"C:\\Users\\DELL\\AppData\\Local\\Programs\\Python\\Python312\\Lib\\site-packages\\selenium\\webdriver\\remote\\webelement.py\", line 252, in is_displayed\n    return self.parent.execute_script(f\"/* isDisplayed */return ({isDisplayed_js}).apply(null, arguments);\", self)\n           ^^^^^^^^^^^^^^^^^^^^^^^^^^^^^^^^^^^^^^^^^^^^^^^^^^^^^^^^^^^^^^^^^^^^^^^^^^^^^^^^^^^^^^^^^^^^^^^^^^^^^^^\n  File \"C:\\Users\\DELL\\AppData\\Local\\Programs\\Python\\Python312\\Lib\\site-packages\\selenium\\webdriver\\remote\\webdriver.py\", line 407, in execute_script\n    return self.execute(command, {\"script\": script, \"args\": converted_args})[\"value\"]\n           ^^^^^^^^^^^^^^^^^^^^^^^^^^^^^^^^^^^^^^^^^^^^^^^^^^^^^^^^^^^^^^^^^\n  File \"C:\\Users\\DELL\\AppData\\Local\\Programs\\Python\\Python312\\Lib\\site-packages\\selenium\\webdriver\\remote\\webdriver.py\", line 347, in execute\n    self.error_handler.check_response(response)\n  File \"C:\\Users\\DELL\\AppData\\Local\\Programs\\Python\\Python312\\Lib\\site-packages\\selenium\\webdriver\\remote\\errorhandler.py\", line 229, in check_response\n    raise exception_class(message, screen, stacktrace)\n","flaky":false,"newFailed":false,"newBroken":false,"newPassed":false,"retriesCount":0,"retriesStatusChange":false,"beforeStages":[],"testStage":{"status":"broken","statusMessage":"selenium.common.exceptions.StaleElementReferenceException: Message: stale element reference: stale element not found\n  (Session info: chrome=124.0.6367.91); For documentation on this error, please visit: https://www.selenium.dev/documentation/webdriver/troubleshooting/errors#stale-element-reference-exception\nStacktrace:\n\tGetHandleVerifier [0x00007FF6C9A11502+60802]\n\t(No symbol) [0x00007FF6C998AC02]\n\t(No symbol) [0x00007FF6C9847CE4]\n\t(No symbol) [0x00007FF6C985A051]\n\t(No symbol) [0x00007FF6C985AA7A]\n\t(No symbol) [0x00007FF6C984E95B]\n\t(No symbol) [0x00007FF6C985AAB8]\n\t(No symbol) [0x00007FF6C984E95B]\n\t(No symbol) [0x00007FF6C984C781]\n\t(No symbol) [0x00007FF6C98504F6]\n\t(No symbol) [0x00007FF6C98DAEC3]\n\t(No symbol) [0x00007FF6C98BAB7A]\n\t(No symbol) [0x00007FF6C98DA224]\n\t(No symbol) [0x00007FF6C98BA923]\n\t(No symbol) [0x00007FF6C9888FEC]\n\t(No symbol) [0x00007FF6C9889C21]\n\tGetHandleVerifier [0x00007FF6C9D1411D+3217821]\n\tGetHandleVerifier [0x00007FF6C9D560B7+3488055]\n\tGetHandleVerifier [0x00007FF6C9D4F03F+3459263]\n\tGetHandleVerifier [0x00007FF6C9ACB846+823494]\n\t(No symbol) [0x00007FF6C9995F9F]\n\t(No symbol) [0x00007FF6C9990EC4]\n\t(No symbol) [0x00007FF6C9991052]\n\t(No symbol) [0x00007FF6C99818A4]\n\tBaseThreadInitThunk [0x00007FFB19F17344+20]\n\tRtlUserThreadStart [0x00007FFB1B1E26B1+33]\n\n","statusTrace":"  File \"C:\\Users\\DELL\\AppData\\Local\\Programs\\Python\\Python312\\Lib\\site-packages\\behave\\model.py\", line 1329, in run\n    match.run(runner.context)\n  File \"C:\\Users\\DELL\\AppData\\Local\\Programs\\Python\\Python312\\Lib\\site-packages\\behave\\matchers.py\", line 98, in run\n    self.func(context, *args, **kwargs)\n  File \"steps\\LogOut.py\", line 27, in step_impl\n    context.homepage.ClickOnLogOut()\n  File \"C:\\Users\\DELL\\demoBlazePrac\\PageObjects\\HomePage.py\", line 57, in ClickOnLogOut\n    logout_button = WebDriverWait(self.driver, 10).until(\n                    ^^^^^^^^^^^^^^^^^^^^^^^^^^^^^^^^^^^^^\n  File \"C:\\Users\\DELL\\AppData\\Local\\Programs\\Python\\Python312\\Lib\\site-packages\\selenium\\webdriver\\support\\wait.py\", line 96, in until\n    value = method(self._driver)\n            ^^^^^^^^^^^^^^^^^^^^\n  File \"C:\\Users\\DELL\\AppData\\Local\\Programs\\Python\\Python312\\Lib\\site-packages\\selenium\\webdriver\\support\\expected_conditions.py\", line 364, in _predicate\n    element = visibility_of(target)(driver)\n              ^^^^^^^^^^^^^^^^^^^^^^^^^^^^^\n  File \"C:\\Users\\DELL\\AppData\\Local\\Programs\\Python\\Python312\\Lib\\site-packages\\selenium\\webdriver\\support\\expected_conditions.py\", line 173, in _predicate\n    return _element_if_visible(element)\n           ^^^^^^^^^^^^^^^^^^^^^^^^^^^^\n  File \"C:\\Users\\DELL\\AppData\\Local\\Programs\\Python\\Python312\\Lib\\site-packages\\selenium\\webdriver\\support\\expected_conditions.py\", line 179, in _element_if_visible\n    return element if element.is_displayed() == visibility else False\n                      ^^^^^^^^^^^^^^^^^^^^^^\n  File \"C:\\Users\\DELL\\AppData\\Local\\Programs\\Python\\Python312\\Lib\\site-packages\\selenium\\webdriver\\remote\\webelement.py\", line 252, in is_displayed\n    return self.parent.execute_script(f\"/* isDisplayed */return ({isDisplayed_js}).apply(null, arguments);\", self)\n           ^^^^^^^^^^^^^^^^^^^^^^^^^^^^^^^^^^^^^^^^^^^^^^^^^^^^^^^^^^^^^^^^^^^^^^^^^^^^^^^^^^^^^^^^^^^^^^^^^^^^^^^\n  File \"C:\\Users\\DELL\\AppData\\Local\\Programs\\Python\\Python312\\Lib\\site-packages\\selenium\\webdriver\\remote\\webdriver.py\", line 407, in execute_script\n    return self.execute(command, {\"script\": script, \"args\": converted_args})[\"value\"]\n           ^^^^^^^^^^^^^^^^^^^^^^^^^^^^^^^^^^^^^^^^^^^^^^^^^^^^^^^^^^^^^^^^^\n  File \"C:\\Users\\DELL\\AppData\\Local\\Programs\\Python\\Python312\\Lib\\site-packages\\selenium\\webdriver\\remote\\webdriver.py\", line 347, in execute\n    self.error_handler.check_response(response)\n  File \"C:\\Users\\DELL\\AppData\\Local\\Programs\\Python\\Python312\\Lib\\site-packages\\selenium\\webdriver\\remote\\errorhandler.py\", line 229, in check_response\n    raise exception_class(message, screen, stacktrace)\n","steps":[{"name":"Given User clicks on the Log in button","time":{"start":1714297588330,"stop":1714297589769,"duration":1439},"status":"passed","steps":[],"attachments":[],"parameters":[],"hasContent":false,"stepsCount":0,"attachmentStep":false,"attachmentsCount":0,"shouldDisplayMessage":false},{"name":"And enters a valid username \"Automate1\" and valid password \"Automate1\" in LogIn window","time":{"start":1714297589770,"stop":1714297590888,"duration":1118},"status":"passed","steps":[],"attachments":[],"parameters":[],"hasContent":false,"stepsCount":0,"attachmentStep":false,"attachmentsCount":0,"shouldDisplayMessage":false},{"name":"And click on log in button","time":{"start":1714297590888,"stop":1714297591590,"duration":702},"status":"passed","steps":[],"attachments":[],"parameters":[],"hasContent":false,"stepsCount":0,"attachmentStep":false,"attachmentsCount":0,"shouldDisplayMessage":false},{"name":"When User click on Logout button","time":{"start":1714297591591,"stop":1714297592620,"duration":1029},"status":"broken","statusMessage":"selenium.common.exceptions.StaleElementReferenceException: Message: stale element reference: stale element not found\n  (Session info: chrome=124.0.6367.91); For documentation on this error, please visit: https://www.selenium.dev/documentation/webdriver/troubleshooting/errors#stale-element-reference-exception\nStacktrace:\n\tGetHandleVerifier [0x00007FF6C9A11502+60802]\n\t(No symbol) [0x00007FF6C998AC02]\n\t(No symbol) [0x00007FF6C9847CE4]\n\t(No symbol) [0x00007FF6C985A051]\n\t(No symbol) [0x00007FF6C985AA7A]\n\t(No symbol) [0x00007FF6C984E95B]\n\t(No symbol) [0x00007FF6C985AAB8]\n\t(No symbol) [0x00007FF6C984E95B]\n\t(No symbol) [0x00007FF6C984C781]\n\t(No symbol) [0x00007FF6C98504F6]\n\t(No symbol) [0x00007FF6C98DAEC3]\n\t(No symbol) [0x00007FF6C98BAB7A]\n\t(No symbol) [0x00007FF6C98DA224]\n\t(No symbol) [0x00007FF6C98BA923]\n\t(No symbol) [0x00007FF6C9888FEC]\n\t(No symbol) [0x00007FF6C9889C21]\n\tGetHandleVerifier [0x00007FF6C9D1411D+3217821]\n\tGetHandleVerifier [0x00007FF6C9D560B7+3488055]\n\tGetHandleVerifier [0x00007FF6C9D4F03F+3459263]\n\tGetHandleVerifier [0x00007FF6C9ACB846+823494]\n\t(No symbol) [0x00007FF6C9995F9F]\n\t(No symbol) [0x00007FF6C9990EC4]\n\t(No symbol) [0x00007FF6C9991052]\n\t(No symbol) [0x00007FF6C99818A4]\n\tBaseThreadInitThunk [0x00007FFB19F17344+20]\n\tRtlUserThreadStart [0x00007FFB1B1E26B1+33]\n\n","statusTrace":"  File \"C:\\Users\\DELL\\AppData\\Local\\Programs\\Python\\Python312\\Lib\\site-packages\\behave\\model.py\", line 1329, in run\n    match.run(runner.context)\n  File \"C:\\Users\\DELL\\AppData\\Local\\Programs\\Python\\Python312\\Lib\\site-packages\\behave\\matchers.py\", line 98, in run\n    self.func(context, *args, **kwargs)\n  File \"steps\\LogOut.py\", line 27, in step_impl\n    context.homepage.ClickOnLogOut()\n  File \"C:\\Users\\DELL\\demoBlazePrac\\PageObjects\\HomePage.py\", line 57, in ClickOnLogOut\n    logout_button = WebDriverWait(self.driver, 10).until(\n                    ^^^^^^^^^^^^^^^^^^^^^^^^^^^^^^^^^^^^^\n  File \"C:\\Users\\DELL\\AppData\\Local\\Programs\\Python\\Python312\\Lib\\site-packages\\selenium\\webdriver\\support\\wait.py\", line 96, in until\n    value = method(self._driver)\n            ^^^^^^^^^^^^^^^^^^^^\n  File \"C:\\Users\\DELL\\AppData\\Local\\Programs\\Python\\Python312\\Lib\\site-packages\\selenium\\webdriver\\support\\expected_conditions.py\", line 364, in _predicate\n    element = visibility_of(target)(driver)\n              ^^^^^^^^^^^^^^^^^^^^^^^^^^^^^\n  File \"C:\\Users\\DELL\\AppData\\Local\\Programs\\Python\\Python312\\Lib\\site-packages\\selenium\\webdriver\\support\\expected_conditions.py\", line 173, in _predicate\n    return _element_if_visible(element)\n           ^^^^^^^^^^^^^^^^^^^^^^^^^^^^\n  File \"C:\\Users\\DELL\\AppData\\Local\\Programs\\Python\\Python312\\Lib\\site-packages\\selenium\\webdriver\\support\\expected_conditions.py\", line 179, in _element_if_visible\n    return element if element.is_displayed() == visibility else False\n                      ^^^^^^^^^^^^^^^^^^^^^^\n  File \"C:\\Users\\DELL\\AppData\\Local\\Programs\\Python\\Python312\\Lib\\site-packages\\selenium\\webdriver\\remote\\webelement.py\", line 252, in is_displayed\n    return self.parent.execute_script(f\"/* isDisplayed */return ({isDisplayed_js}).apply(null, arguments);\", self)\n           ^^^^^^^^^^^^^^^^^^^^^^^^^^^^^^^^^^^^^^^^^^^^^^^^^^^^^^^^^^^^^^^^^^^^^^^^^^^^^^^^^^^^^^^^^^^^^^^^^^^^^^^\n  File \"C:\\Users\\DELL\\AppData\\Local\\Programs\\Python\\Python312\\Lib\\site-packages\\selenium\\webdriver\\remote\\webdriver.py\", line 407, in execute_script\n    return self.execute(command, {\"script\": script, \"args\": converted_args})[\"value\"]\n           ^^^^^^^^^^^^^^^^^^^^^^^^^^^^^^^^^^^^^^^^^^^^^^^^^^^^^^^^^^^^^^^^^\n  File \"C:\\Users\\DELL\\AppData\\Local\\Programs\\Python\\Python312\\Lib\\site-packages\\selenium\\webdriver\\remote\\webdriver.py\", line 347, in execute\n    self.error_handler.check_response(response)\n  File \"C:\\Users\\DELL\\AppData\\Local\\Programs\\Python\\Python312\\Lib\\site-packages\\selenium\\webdriver\\remote\\errorhandler.py\", line 229, in check_response\n    raise exception_class(message, screen, stacktrace)\n","steps":[],"attachments":[],"parameters":[],"hasContent":true,"stepsCount":0,"attachmentStep":false,"attachmentsCount":0,"shouldDisplayMessage":true},{"name":"Then user should display Log in button","time":{"start":1714297595811,"stop":1714297595811,"duration":0},"status":"skipped","steps":[],"attachments":[],"parameters":[],"hasContent":false,"stepsCount":0,"attachmentStep":false,"attachmentsCount":0,"shouldDisplayMessage":false}],"attachments":[],"parameters":[],"hasContent":true,"stepsCount":5,"attachmentStep":false,"attachmentsCount":0,"shouldDisplayMessage":false},"afterStages":[],"labels":[{"name":"severity","value":"normal"},{"name":"feature","value":"User LogOut"},{"name":"framework","value":"behave"},{"name":"language","value":"cpython3"},{"name":"resultFormat","value":"allure2"}],"parameters":[],"links":[],"hidden":true,"retry":true,"extra":{"categories":[],"tags":[]},"source":"492c88a0e9bfac1a.json","parameterValues":[]}