{"uid":"dcc3f8a4df9b08bc","name":"Select the last product and add the product to the cart","fullName":"Adding products to the shopping cart: Select the last product and add the product to the cart","historyId":"a3c766ce3d47b470b8e6455b4aef62f7","time":{"start":1714293790423,"stop":1714293811335,"duration":20912},"status":"broken","statusMessage":"selenium.common.exceptions.TimeoutException: Message: \nStacktrace:\n\tGetHandleVerifier [0x00007FF6B2DD1502+60802]\n\t(No symbol) [0x00007FF6B2D4AC02]\n\t(No symbol) [0x00007FF6B2C07CE4]\n\t(No symbol) [0x00007FF6B2C56D4D]\n\t(No symbol) [0x00007FF6B2C56E1C]\n\t(No symbol) [0x00007FF6B2C9CE37]\n\t(No symbol) [0x00007FF6B2C7ABBF]\n\t(No symbol) [0x00007FF6B2C9A224]\n\t(No symbol) [0x00007FF6B2C7A923]\n\t(No symbol) [0x00007FF6B2C48FEC]\n\t(No symbol) [0x00007FF6B2C49C21]\n\tGetHandleVerifier [0x00007FF6B30D411D+3217821]\n\tGetHandleVerifier [0x00007FF6B31160B7+3488055]\n\tGetHandleVerifier [0x00007FF6B310F03F+3459263]\n\tGetHandleVerifier [0x00007FF6B2E8B846+823494]\n\t(No symbol) [0x00007FF6B2D55F9F]\n\t(No symbol) [0x00007FF6B2D50EC4]\n\t(No symbol) [0x00007FF6B2D51052]\n\t(No symbol) [0x00007FF6B2D418A4]\n\tBaseThreadInitThunk [0x00007FFB19F17344+20]\n\tRtlUserThreadStart [0x00007FFB1B1E26B1+33]\n\n","statusTrace":"  File \"C:\\Users\\DELL\\AppData\\Local\\Programs\\Python\\Python312\\Lib\\site-packages\\behave\\model.py\", line 1329, in run\n    match.run(runner.context)\n  File \"C:\\Users\\DELL\\AppData\\Local\\Programs\\Python\\Python312\\Lib\\site-packages\\behave\\matchers.py\", line 98, in run\n    self.func(context, *args, **kwargs)\n  File \"steps\\Add_product_to_shopping_cart.py\", line 32, in step_impl\n    context.homepage.Click_on_last_product_of_the_last_page()\n  File \"C:\\Users\\DELL\\demoBlazePrac\\PageObjects\\HomePage.py\", line 49, in Click_on_last_product_of_the_last_page\n    last_product_link = WebDriverWait(self.driver, 10).until(\n                        ^^^^^^^^^^^^^^^^^^^^^^^^^^^^^^^^^^^^^\n  File \"C:\\Users\\DELL\\AppData\\Local\\Programs\\Python\\Python312\\Lib\\site-packages\\selenium\\webdriver\\support\\wait.py\", line 105, in until\n    raise TimeoutException(message, screen, stacktrace)\n","flaky":false,"newFailed":false,"newBroken":false,"newPassed":false,"retriesCount":0,"retriesStatusChange":false,"beforeStages":[],"testStage":{"status":"broken","statusMessage":"selenium.common.exceptions.TimeoutException: Message: \nStacktrace:\n\tGetHandleVerifier [0x00007FF6B2DD1502+60802]\n\t(No symbol) [0x00007FF6B2D4AC02]\n\t(No symbol) [0x00007FF6B2C07CE4]\n\t(No symbol) [0x00007FF6B2C56D4D]\n\t(No symbol) [0x00007FF6B2C56E1C]\n\t(No symbol) [0x00007FF6B2C9CE37]\n\t(No symbol) [0x00007FF6B2C7ABBF]\n\t(No symbol) [0x00007FF6B2C9A224]\n\t(No symbol) [0x00007FF6B2C7A923]\n\t(No symbol) [0x00007FF6B2C48FEC]\n\t(No symbol) [0x00007FF6B2C49C21]\n\tGetHandleVerifier [0x00007FF6B30D411D+3217821]\n\tGetHandleVerifier [0x00007FF6B31160B7+3488055]\n\tGetHandleVerifier [0x00007FF6B310F03F+3459263]\n\tGetHandleVerifier [0x00007FF6B2E8B846+823494]\n\t(No symbol) [0x00007FF6B2D55F9F]\n\t(No symbol) [0x00007FF6B2D50EC4]\n\t(No symbol) [0x00007FF6B2D51052]\n\t(No symbol) [0x00007FF6B2D418A4]\n\tBaseThreadInitThunk [0x00007FFB19F17344+20]\n\tRtlUserThreadStart [0x00007FFB1B1E26B1+33]\n\n","statusTrace":"  File \"C:\\Users\\DELL\\AppData\\Local\\Programs\\Python\\Python312\\Lib\\site-packages\\behave\\model.py\", line 1329, in run\n    match.run(runner.context)\n  File \"C:\\Users\\DELL\\AppData\\Local\\Programs\\Python\\Python312\\Lib\\site-packages\\behave\\matchers.py\", line 98, in run\n    self.func(context, *args, **kwargs)\n  File \"steps\\Add_product_to_shopping_cart.py\", line 32, in step_impl\n    context.homepage.Click_on_last_product_of_the_last_page()\n  File \"C:\\Users\\DELL\\demoBlazePrac\\PageObjects\\HomePage.py\", line 49, in Click_on_last_product_of_the_last_page\n    last_product_link = WebDriverWait(self.driver, 10).until(\n                        ^^^^^^^^^^^^^^^^^^^^^^^^^^^^^^^^^^^^^\n  File \"C:\\Users\\DELL\\AppData\\Local\\Programs\\Python\\Python312\\Lib\\site-packages\\selenium\\webdriver\\support\\wait.py\", line 105, in until\n    raise TimeoutException(message, screen, stacktrace)\n","steps":[{"name":"Given User on the product listing page","time":{"start":1714293795664,"stop":1714293795754,"duration":90},"status":"passed","steps":[],"attachments":[],"parameters":[],"hasContent":false,"stepsCount":0,"attachmentStep":false,"attachmentsCount":0,"shouldDisplayMessage":false},{"name":"When user clicks on next button until reaches the last page","time":{"start":1714293795754,"stop":1714293796218,"duration":464},"status":"passed","steps":[],"attachments":[],"parameters":[],"hasContent":false,"stepsCount":0,"attachmentStep":false,"attachmentsCount":0,"shouldDisplayMessage":false},{"name":"And clicks on the last product","time":{"start":1714293796218,"stop":1714293807011,"duration":10793},"status":"broken","statusMessage":"selenium.common.exceptions.TimeoutException: Message: \nStacktrace:\n\tGetHandleVerifier [0x00007FF6B2DD1502+60802]\n\t(No symbol) [0x00007FF6B2D4AC02]\n\t(No symbol) [0x00007FF6B2C07CE4]\n\t(No symbol) [0x00007FF6B2C56D4D]\n\t(No symbol) [0x00007FF6B2C56E1C]\n\t(No symbol) [0x00007FF6B2C9CE37]\n\t(No symbol) [0x00007FF6B2C7ABBF]\n\t(No symbol) [0x00007FF6B2C9A224]\n\t(No symbol) [0x00007FF6B2C7A923]\n\t(No symbol) [0x00007FF6B2C48FEC]\n\t(No symbol) [0x00007FF6B2C49C21]\n\tGetHandleVerifier [0x00007FF6B30D411D+3217821]\n\tGetHandleVerifier [0x00007FF6B31160B7+3488055]\n\tGetHandleVerifier [0x00007FF6B310F03F+3459263]\n\tGetHandleVerifier [0x00007FF6B2E8B846+823494]\n\t(No symbol) [0x00007FF6B2D55F9F]\n\t(No symbol) [0x00007FF6B2D50EC4]\n\t(No symbol) [0x00007FF6B2D51052]\n\t(No symbol) [0x00007FF6B2D418A4]\n\tBaseThreadInitThunk [0x00007FFB19F17344+20]\n\tRtlUserThreadStart [0x00007FFB1B1E26B1+33]\n\n","statusTrace":"  File \"C:\\Users\\DELL\\AppData\\Local\\Programs\\Python\\Python312\\Lib\\site-packages\\behave\\model.py\", line 1329, in run\n    match.run(runner.context)\n  File \"C:\\Users\\DELL\\AppData\\Local\\Programs\\Python\\Python312\\Lib\\site-packages\\behave\\matchers.py\", line 98, in run\n    self.func(context, *args, **kwargs)\n  File \"steps\\Add_product_to_shopping_cart.py\", line 32, in step_impl\n    context.homepage.Click_on_last_product_of_the_last_page()\n  File \"C:\\Users\\DELL\\demoBlazePrac\\PageObjects\\HomePage.py\", line 49, in Click_on_last_product_of_the_last_page\n    last_product_link = WebDriverWait(self.driver, 10).until(\n                        ^^^^^^^^^^^^^^^^^^^^^^^^^^^^^^^^^^^^^\n  File \"C:\\Users\\DELL\\AppData\\Local\\Programs\\Python\\Python312\\Lib\\site-packages\\selenium\\webdriver\\support\\wait.py\", line 105, in until\n    raise TimeoutException(message, screen, stacktrace)\n","steps":[],"attachments":[],"parameters":[],"hasContent":true,"stepsCount":0,"attachmentStep":false,"attachmentsCount":0,"shouldDisplayMessage":true},{"name":"And user clicks on Add to Cart button","time":{"start":1714293811335,"stop":1714293811335,"duration":0},"status":"skipped","steps":[],"attachments":[],"parameters":[],"hasContent":false,"stepsCount":0,"attachmentStep":false,"attachmentsCount":0,"shouldDisplayMessage":false},{"name":"Then user should display product added message","time":{"start":1714293811335,"stop":1714293811335,"duration":0},"status":"skipped","steps":[],"attachments":[],"parameters":[],"hasContent":false,"stepsCount":0,"attachmentStep":false,"attachmentsCount":0,"shouldDisplayMessage":false}],"attachments":[],"parameters":[],"hasContent":true,"stepsCount":5,"attachmentStep":false,"attachmentsCount":0,"shouldDisplayMessage":false},"afterStages":[],"labels":[{"name":"severity","value":"normal"},{"name":"feature","value":"Adding products to the shopping cart"},{"name":"framework","value":"behave"},{"name":"language","value":"cpython3"},{"name":"resultFormat","value":"allure2"}],"parameters":[],"links":[],"hidden":true,"retry":true,"extra":{"categories":[],"tags":[]},"source":"dcc3f8a4df9b08bc.json","parameterValues":[]}